------------------------------------------------
System set-up
-periodic
-Washer


Collect Data:

BC_type=periodic--------------------------------------
Table 2:
	(no post-smoothing)
		V ((1, 0, 1), 0.87, 1.02, 0.9, 1.2, 0.79, 0.74, 0.88)      rho_lsq=0.1649   rho_geom=0.1635   iters= 13
		V ((1, 0, 2), 0.86, 0.75, 1.04, 0.99, 0.7, 1.15, 0.88)     rho_lsq=0.1868   rho_geom=0.1875   iters= 14
	(symmetric)
		V ((1, 1, 1), 0.97, 0.91, 1.04, 1.02, 0.93, 0.78, 0.86)    rho_lsq=0.0766   rho_geom=0.0756   iters=  9
		V ((2, 2, 1), 1.04, 0.55, 0.59, 0.72, 0.99, 0.85, 1.3)     rho_lsq=0.0327   rho_geom=0.0327   iters=  7
Table 3:
	(omega_0=0 (no relax on Q2Q1))
		V ((0, 0, 1), 0.93, 0.0, 0.24, -1.0, -1.0, 0.67, 1.56)     rho_lsq=0.5811   rho_geom=0.5811   iters= 36
		V ((0, 0, 2), 0.63, 0.0, 0.4, -1.0, -1.0, 0.52, 1.35)      rho_lsq=0.5092   rho_geom=0.5096   iters= 34
	(omega_1=0 (no relax on isoQ2Q1))
		V ((1, 1, 1), 0.77, 0.45, 0.0, 0.46, 1.37, -1.0, -1.0)     rho_lsq=0.3105   rho_geom=0.3110   iters= 19
		V ((2, 2, 1), 0.99, 0.85, 0.0, 0.9, 1.12, -1.0, -1.0)      rho_lsq=0.0894   rho_geom=0.0896   iters= 10
BC_type=Washer--------------------------------------
Table 2:
	(no post-smoothing)
		V ((1, 0, 1), 0.87, 1.02, 0.9, 1.2, 0.79, 0.74, 0.88)      rho_lsq=0.1631   rho_geom=0.1616   iters= 13
		V ((1, 0, 2), 0.86, 0.75, 1.04, 0.99, 0.7, 1.15, 0.88)     rho_lsq=0.1811   rho_geom=0.1811   iters= 14
	(symmetric)
		V ((1, 1, 1), 0.97, 0.91, 1.04, 1.02, 0.93, 0.78, 0.86)    rho_lsq=0.1130   rho_geom=0.1153   iters= 11
		V ((2, 2, 1), 1.04, 0.55, 0.59, 0.72, 0.99, 0.85, 1.3)     rho_lsq=0.0476   rho_geom=0.0474   iters=  8
Table 3:
	(omega_0=0 (no relax on Q2Q1))
		V ((0, 0, 1), 0.93, 0.0, 0.24, -1.0, -1.0, 0.67, 1.56)     rho_lsq=0.6454   rho_geom=0.6454   iters= 41
		V ((0, 0, 2), 0.63, 0.0, 0.4, -1.0, -1.0, 0.52, 1.35)      rho_lsq=0.5088   rho_geom=0.5092   iters= 33
	(omega_1=0 (no relax on isoQ2Q1))
		V ((1, 1, 1), 0.77, 0.45, 0.0, 0.46, 1.37, -1.0, -1.0)     rho_lsq=0.5159   rho_geom=0.5158   iters= 27
		V ((2, 2, 1), 0.99, 0.85, 0.0, 0.9, 1.12, -1.0, -1.0)      rho_lsq=0.4096   rho_geom=0.4095   iters= 25
