------------------------------------------------
System set-up
-periodic
-Washer


Collect Data:

BC_type=periodic--------------------------------------
Table 2:
	(no post-smoothing)
		V ((1, 0, 1), 0.86, 0.78, 1.01)                            rho_lsq=0.3209   rho_geom=0.3239   iters= 18
		V ((1, 0, 2), 0.9, 0.98, 0.83)                             rho_lsq=0.1884   rho_geom=0.1881   iters= 14
		V ((1, 0, 3), 0.85, 1.02, 0.82)                            rho_lsq=0.1848   rho_geom=0.1844   iters= 14
	(symmetric)
		V ((1, 1, 1), 0.99, 0.67, 0.93)                            rho_lsq=0.2755   rho_geom=0.2741   iters= 16
		V ((1, 1, 2), 1.05, 0.74, 0.78)                            rho_lsq=0.0970   rho_geom=0.0940   iters= 10
		V ((2, 2, 1), 0.98, 0.71, 1.05)                            rho_lsq=0.1462   rho_geom=0.1458   iters= 11
Table 3:
	(omega_0=0 (no relax on Q2Q1))
		V ((0, 0, 1), 0.64, 0.0, 0.98)                             rho_lsq=0.6193   rho_geom=0.6192   iters= 43
		V ((0, 0, 2), 0.66, 0.0, 0.63)                             rho_lsq=0.5484   rho_geom=0.5484   iters= 38
		V ((1, 1, 2), 0.46, 0.0, 0.83)                             rho_lsq=0.7807   rho_geom=0.7807   iters= 74
	(omega_1=0 (no relax on isoQ2Q1))
		V ((1, 1, 1), 0.48, 0.81, 0.0)                             rho_lsq=0.5108   rho_geom=0.5107   iters= 29
		V ((2, 2, 1), 0.8, 0.85, 0.0)                              rho_lsq=0.2678   rho_geom=0.2673   iters= 16
BC_type=Washer--------------------------------------
Table 2:
	(no post-smoothing)
		V ((1, 0, 1), 0.86, 0.78, 1.01)                            rho_lsq=0.3102   rho_geom=0.3101   iters= 18
		V ((1, 0, 2), 0.9, 0.98, 0.83)                             rho_lsq=0.2003   rho_geom=0.2001   iters= 14
		V ((1, 0, 3), 0.85, 1.02, 0.82)                            rho_lsq=0.1923   rho_geom=0.1921   iters= 14
	(symmetric)
		V ((1, 1, 1), 0.99, 0.67, 0.93)                            rho_lsq=0.2693   rho_geom=0.2676   iters= 16
		V ((1, 1, 2), 1.05, 0.74, 0.78)                            rho_lsq=0.0922   rho_geom=0.0896   iters= 10
		V ((2, 2, 1), 0.98, 0.71, 1.05)                            rho_lsq=0.1480   rho_geom=0.1485   iters= 11
Table 3:
	(omega_0=0 (no relax on Q2Q1))
		V ((0, 0, 1), 0.64, 0.0, 0.98)                             rho_lsq=0.6503   rho_geom=0.6502   iters= 46
		V ((0, 0, 2), 0.66, 0.0, 0.63)                             rho_lsq=0.5481   rho_geom=0.5481   iters= 38
		V ((1, 1, 2), 0.46, 0.0, 0.83)                             rho_lsq=0.7736   rho_geom=0.7736   iters= 72
	(omega_1=0 (no relax on isoQ2Q1))
		V ((1, 1, 1), 0.48, 0.81, 0.0)                             rho_lsq=0.5115   rho_geom=0.5092   iters= 31
		V ((2, 2, 1), 0.8, 0.85, 0.0)                              rho_lsq=0.2510   rho_geom=0.2508   iters= 15
