------------------------------------------------
System set-up
-periodic
-Washer


Collect Data:

BC_type=periodic--------------------------------------
Table 2:
	(no post-smoothing)
		V ((1, 0, 1), 0.87, 1.02, 0.9, 1.2, 0.79, 0.74, 0.88)      rho_lsq=0.1680   rho_geom=0.1673   iters_gmg= 13   iters_gmres= 12
		W ((1, 0, 1), 0.87, 1.02, 0.9, 1.2, 0.79, 0.74, 0.88)      rho_lsq=0.1663   rho_geom=0.1642   iters_gmg= 13   iters_gmres= 12
		V ((1, 0, 2), 0.86, 0.75, 1.04, 0.99, 0.7, 1.15, 0.88)     rho_lsq=0.2987   rho_geom=0.2960   iters_gmg= 16   iters_gmres= 13
		W ((1, 0, 2), 0.86, 0.75, 1.04, 0.99, 0.7, 1.15, 0.88)     rho_lsq=0.1870   rho_geom=0.1877   iters_gmg= 14   iters_gmres= 12
	(symmetric)
		V ((1, 1, 1), 0.97, 0.91, 1.04, 1.02, 0.93, 0.78, 0.86)    rho_lsq=0.2455   rho_geom=0.2390   iters_gmg= 13   iters_gmres=  9
		W ((1, 1, 1), 0.97, 0.91, 1.04, 1.02, 0.93, 0.78, 0.86)    rho_lsq=0.0763   rho_geom=0.0753   iters_gmg=  9   iters_gmres=  8
		V ((2, 2, 1), 1.04, 0.55, 0.59, 0.72, 0.99, 0.85, 1.3)     rho_lsq=0.5215   rho_geom=0.5215   iters_gmg= 25   iters_gmres= 10
		W ((2, 2, 1), 1.04, 0.55, 0.59, 0.72, 0.99, 0.85, 1.3)     rho_lsq=0.0628   rho_geom=0.0604   iters_gmg=  8   iters_gmres=  6
Table 3:
	(omega_0=0 (no relax on Q2Q1))
		V ((0, 0, 1), 0.93, 0.0, 0.24, -1.0, -1.0, 0.67, 1.56)     rho_lsq=2.3552   rho_geom=2.3552   iters_gmg= 52   iters_gmres= 82
		W ((0, 0, 1), 0.93, 0.0, 0.24, -1.0, -1.0, 0.67, 1.56)     rho_lsq=0.5809   rho_geom=0.5808   iters_gmg= 36   iters_gmres= 21
		V ((0, 0, 2), 0.63, 0.0, 0.4, -1.0, -1.0, 0.52, 1.35)      rho_lsq=1.1341   rho_geom=1.1341   iters_gmg=100   iters_gmres= 26
		W ((0, 0, 2), 0.63, 0.0, 0.4, -1.0, -1.0, 0.52, 1.35)      rho_lsq=0.5092   rho_geom=0.5096   iters_gmg= 34   iters_gmres= 18
	(omega_1=0 (no relax on isoQ2Q1))
		V ((1, 1, 1), 0.77, 0.45, 0.0, 0.46, 1.37, -1.0, -1.0)     rho_lsq=1.6426   rho_geom=1.6426   iters_gmg= 54   iters_gmres=100
		W ((1, 1, 1), 0.77, 0.45, 0.0, 0.46, 1.37, -1.0, -1.0)     rho_lsq=1.6426   rho_geom=1.6426   iters_gmg= 54   iters_gmres=100
		V ((2, 2, 1), 0.99, 0.85, 0.0, 0.9, 1.12, -1.0, -1.0)      rho_lsq=19.4841   rho_geom=19.4843   iters_gmg= 52   iters_gmres=100
		W ((2, 2, 1), 0.99, 0.85, 0.0, 0.9, 1.12, -1.0, -1.0)      rho_lsq=19.4841   rho_geom=19.4843   iters_gmg= 52   iters_gmres=100
BC_type=Washer--------------------------------------
Table 2:
	(no post-smoothing)
		V ((1, 0, 1), 0.87, 1.02, 0.9, 1.2, 0.79, 0.74, 0.88)      rho_lsq=0.2012   rho_geom=0.1997   iters_gmg= 14   iters_gmres= 12
		W ((1, 0, 1), 0.87, 1.02, 0.9, 1.2, 0.79, 0.74, 0.88)      rho_lsq=0.1646   rho_geom=0.1624   iters_gmg= 13   iters_gmres= 12
		V ((1, 0, 2), 0.86, 0.75, 1.04, 0.99, 0.7, 1.15, 0.88)     rho_lsq=0.5925   rho_geom=0.5925   iters_gmg= 41   iters_gmres= 17
		W ((1, 0, 2), 0.86, 0.75, 1.04, 0.99, 0.7, 1.15, 0.88)     rho_lsq=0.7618   rho_geom=0.7618   iters_gmg= 75   iters_gmres= 22
	(symmetric)
		V ((1, 1, 1), 0.97, 0.91, 1.04, 1.02, 0.93, 0.78, 0.86)    rho_lsq=0.5469   rho_geom=0.5469   iters_gmg= 33   iters_gmres= 11
		W ((1, 1, 1), 0.97, 0.91, 1.04, 1.02, 0.93, 0.78, 0.86)    rho_lsq=0.0817   rho_geom=0.0803   iters_gmg= 10   iters_gmres=  9
		V ((2, 2, 1), 1.04, 0.55, 0.59, 0.72, 0.99, 0.85, 1.3)     rho_lsq=0.5471   rho_geom=0.5471   iters_gmg= 33   iters_gmres= 11
		W ((2, 2, 1), 1.04, 0.55, 0.59, 0.72, 0.99, 0.85, 1.3)     rho_lsq=0.0578   rho_geom=0.0572   iters_gmg=  8   iters_gmres=  7
Table 3:
	(omega_0=0 (no relax on Q2Q1))
		V ((0, 0, 1), 0.93, 0.0, 0.24, -1.0, -1.0, 0.67, 1.56)     rho_lsq=1.6526   rho_geom=1.6525   iters_gmg= 52   iters_gmres=100
		W ((0, 0, 1), 0.93, 0.0, 0.24, -1.0, -1.0, 0.67, 1.56)     rho_lsq=0.6460   rho_geom=0.6460   iters_gmg= 41   iters_gmres= 23
		V ((0, 0, 2), 0.63, 0.0, 0.4, -1.0, -1.0, 0.52, 1.35)      rho_lsq=0.6389   rho_geom=0.6386   iters_gmg= 38   iters_gmres= 20
		W ((0, 0, 2), 0.63, 0.0, 0.4, -1.0, -1.0, 0.52, 1.35)      rho_lsq=0.5088   rho_geom=0.5092   iters_gmg= 33   iters_gmres= 18
	(omega_1=0 (no relax on isoQ2Q1))
		V ((1, 1, 1), 0.77, 0.45, 0.0, 0.46, 1.37, -1.0, -1.0)     rho_lsq=1.5073   rho_geom=1.5073   iters_gmg= 61   iters_gmres=100
		W ((1, 1, 1), 0.77, 0.45, 0.0, 0.46, 1.37, -1.0, -1.0)     rho_lsq=1.5073   rho_geom=1.5073   iters_gmg= 61   iters_gmres=100
		V ((2, 2, 1), 0.99, 0.85, 0.0, 0.9, 1.12, -1.0, -1.0)      rho_lsq=17.7626   rho_geom=17.7626   iters_gmg= 52   iters_gmres=100
		W ((2, 2, 1), 0.99, 0.85, 0.0, 0.9, 1.12, -1.0, -1.0)      rho_lsq=17.7626   rho_geom=17.7626   iters_gmg= 52   iters_gmres=100
