------------------------------------------------
System set-up:  bfs
NEx=8	time=1.60 s
NEx=16	time=1.52 s
NEx=32	time=2.34 s
NEx=64	time=4.60 s
NEx=128	time=15.37 s
NEx=256	time=80.83 s
((1, 1, 2), 1.05, 0.74, 0.78)
	NEx=  8   DoFs=     515   mg_lvls= 2
						V   iters=  9   time(s)=0.028
						W   iters=  9   time(s)=0.023
	NEx= 16   DoFs=    1891   mg_lvls= 3
						V   iters= 10   time(s)=0.084
						W   iters= 10   time(s)=0.089
	NEx= 32   DoFs=    7235   mg_lvls= 4
						V   iters= 11   time(s)=0.315
						W   iters= 10   time(s)=0.352
	NEx= 64   DoFs=   28291   mg_lvls= 5
						V   iters= 11   time(s)=1.264
						W   iters= 10   time(s)=1.459
	NEx=128   DoFs=  111875   mg_lvls= 6
						V   iters= 12   time(s)=5.519
						W   iters= 10   time(s)=5.922
	NEx=256   DoFs=  444931   mg_lvls= 7
						V   iters= 14   time(s)=27.146
						W   iters= 10   time(s)=27.058

